<?xml version="1.0" encoding="UTF-8"?>
<testsuite name="org.fullcycle.admin.catalogue.domain.category.CategoryTest" tests="1" skipped="0" failures="0" errors="0" timestamp="2023-03-30T03:15:01" hostname="localhost.localdomain" time="0.065">
  <properties/>
  <testcase name="givenValidParams_whenCallNewCategory_thenInstantiateACategory()" classname="org.fullcycle.admin.catalogue.domain.category.CategoryTest" time="0.065"/>
  <system-out><![CDATA[]]></system-out>
  <system-err><![CDATA[]]></system-err>
</testsuite>
