<?xml version="1.0" encoding="UTF-8"?>
<testsuite name="org.fullcycle.admin.catalogue.domain.CategoryTest" tests="1" skipped="0" failures="0" errors="0" timestamp="2023-03-29T04:31:17" hostname="localhost.localdomain" time="0.081">
  <properties/>
  <testcase name="testNewCategory()" classname="org.fullcycle.admin.catalogue.domain.CategoryTest" time="0.081"/>
  <system-out><![CDATA[]]></system-out>
  <system-err><![CDATA[]]></system-err>
</testsuite>
